<?xml version="1.0" encoding="UTF-8" ?>
<testsuite errors="0" failures="0" hostname="USERCAS-OG37FHD" name="LinkJUnitTesting" tests="15" time="0.225" timestamp="2014-10-02T20:12:57">
  <properties>
[...]
</properties>
  <testcase classname="LinkJUnitTesting" name="testSetUsers" time="0.014" />
  <testcase classname="LinkJUnitTesting" name="testGetUsers" time="0.011" />
  <testcase classname="LinkJUnitTesting" name="testTearDown" time="0.001" />
  <testcase classname="LinkJUnitTesting" name="testIsActive" time="0.0" />
  <testcase classname="LinkJUnitTesting" name="testToString" time="0.001" />
  <testcase classname="LinkJUnitTesting" name="testConstructor" time="0.0" />
  <testcase classname="LinkJUnitTesting" name="testErrorGetUsers" time="0.001" />
  <testcase classname="LinkJUnitTesting" name="testErrorEstablish" time="0.001" />
  <testcase classname="LinkJUnitTesting" name="testEstablish" time="0.0" />
  <testcase classname="LinkJUnitTesting" name="testErrorTearDown" time="0.0" />
  <testcase classname="LinkJUnitTesting" name="testErrorIsActive" time="0.0" />
  <testcase classname="LinkJUnitTesting" name="testErrorFirstDate" time="0.0" />
  <testcase classname="LinkJUnitTesting" name="testFirstDate" time="0.0" />
  <testcase classname="LinkJUnitTesting" name="testErrorNextEvent" time="0.0" />
  <testcase classname="LinkJUnitTesting" name="testNextEvent" time="0.001" />
  <system-out><![CDATA[]]></system-out>
  <system-err><![CDATA[]]></system-err>
</testsuite>
